          *** MOLPOP-CEP; version of June 8, 2015 ***

* CO with collision rates from Yang et al 2010
*
      Solution method is Slab (Capriotti) escape probability 
      Molecule --- CO
      Number of levels = 20

        Collision information:
    1.  Relative weight of collision partner =  3.00
        Collision rates from data file DataBase/Coll/Yang_CO_H2o.kij

    2.  Relative weight of collision partner =  1.00
        Collision rates from data file DataBase/Coll/Yang_CO_H2p.kij

      Tgas =  100.0 K
      n_tot =  1.00E+04 cm-3

      No considerations of dust absorption
      No considerations of Line Overlap
      No maser saturation effects

      External Radiation field includes:
        - 2.725K Cosmic Background
        - Dust with Td =  100.0 K and Tau(v) =  3.00E+00
          Dust properties from file DataBase/Standard_ISM.dat
 Using INCREASING strategy
------------------------------------------------------------------------------

      *** All optical depths are listed at line center ***


      Normal completion. Molecular column is  1.00E+19 cm-2/kms

        *** SUMMARY ***

        mol column     emission
         cm-2/kms      erg/s/mol
        1.000E+15      9.523E-21
        1.292E+15      9.499E-21
        1.668E+15      9.469E-21
        2.154E+15      9.434E-21
        2.783E+15      9.392E-21
        3.594E+15      9.341E-21
        4.642E+15      9.282E-21
        5.995E+15      9.211E-21
        7.743E+15      9.128E-21
        1.000E+16      9.031E-21
        1.292E+16      8.918E-21
        1.668E+16      8.788E-21
        2.154E+16      8.638E-21
        2.783E+16      8.469E-21
        3.594E+16      8.278E-21
        4.642E+16      8.065E-21
        5.995E+16      7.831E-21
        7.743E+16      7.577E-21
        1.000E+17      7.302E-21
        1.292E+17      6.998E-21
        1.668E+17      6.677E-21
        2.154E+17      6.339E-21
        2.783E+17      5.990E-21
        3.594E+17      5.632E-21
        4.642E+17      5.272E-21
        5.995E+17      4.905E-21
        7.743E+17      4.540E-21
        1.000E+18      4.178E-21
        1.292E+18      3.824E-21
        1.668E+18      3.480E-21
        2.154E+18      3.150E-21
        2.783E+18      2.835E-21
        3.594E+18      2.538E-21
        4.642E+18      2.259E-21
        5.995E+18      2.001E-21
        7.743E+18      1.762E-21
        1.000E+19      1.545E-21

 *** Parameters for selected transitions
     Io is the source line-center intensity at mu =  0.50 to slab face
     del(Tb) is obtained from (B is the Planck function):
                B(del(Tb)) = I(observed) - B(Tcmb)
     del(TRJ) is obtained from the same with the RJ approximation for B
     Excitation temperature is not part of the output in CEP
                because it changes with position in the slab
 ***

      2600.78 mic ( 115.270 GHz) transition between levels  2 and  1
     Upper Level: J =   1                                                                         
     Lower Level: J =   0                                                                         

    Nmol      tau       Flux   int(Tb dv)   Io      del(Tb)   del(TRJ)     Tex
  cm-2/kms               Jy      K km/s  W/m2/Hz/st    K         K          K
  1.00E+15 -7.15E-03  0.00E+00  2.54E-01  2.58E-18  1.91E+00  3.21E-01 -4.11E+01
  1.29E+15 -9.12E-03  0.00E+00  3.27E-01  3.33E-18  2.07E+00  4.13E-01 -4.14E+01
  1.67E+15 -1.16E-02  0.00E+00  4.21E-01  4.28E-18  2.27E+00  5.31E-01 -4.19E+01
  2.15E+15 -1.47E-02  0.00E+00  5.41E-01  5.50E-18  2.50E+00  6.81E-01 -4.24E+01
  2.78E+15 -1.85E-02  0.00E+00  6.95E-01  7.07E-18  2.78E+00  8.73E-01 -4.30E+01
  3.59E+15 -2.33E-02  0.00E+00  8.92E-01  9.07E-18  3.10E+00  1.12E+00 -4.38E+01
  4.64E+15 -2.90E-02  0.00E+00  1.14E+00  1.16E-17  3.49E+00  1.43E+00 -4.49E+01
  5.99E+15 -3.60E-02  0.00E+00  1.47E+00  1.49E-17  3.97E+00  1.83E+00 -4.61E+01
  7.74E+15 -4.43E-02  0.00E+00  1.88E+00  1.91E-17  4.54E+00  2.33E+00 -4.78E+01
  1.00E+16 -5.39E-02  0.00E+00  2.40E+00  2.44E-17  5.25E+00  2.96E+00 -4.98E+01
  1.29E+16 -6.50E-02  0.00E+00  3.07E+00  3.12E-17  6.11E+00  3.76E+00 -5.23E+01
  1.67E+16 -7.75E-02  0.00E+00  3.91E+00  3.99E-17  7.18E+00  4.76E+00 -5.55E+01
  2.15E+16 -9.12E-02  0.00E+00  4.98E+00  5.09E-17  8.49E+00  6.02E+00 -5.95E+01
  2.78E+16 -1.06E-01  0.00E+00  6.34E+00  6.47E-17  1.01E+01  7.60E+00 -6.46E+01
  3.59E+16 -1.20E-01  0.00E+00  8.05E+00  8.22E-17  1.21E+01  9.57E+00 -7.12E+01
  4.64E+16 -1.35E-01  0.00E+00  1.02E+01  1.04E-16  1.46E+01  1.20E+01 -7.97E+01
  5.99E+16 -1.47E-01  0.00E+00  1.29E+01  1.31E-16  1.77E+01  1.51E+01 -9.12E+01
  7.74E+16 -1.57E-01  0.00E+00  1.62E+01  1.65E-16  2.14E+01  1.88E+01 -1.07E+02
  1.00E+17 -1.62E-01  0.00E+00  2.03E+01  2.06E-16  2.61E+01  2.34E+01 -1.30E+02
  1.29E+17 -1.59E-01  0.00E+00  2.52E+01  2.55E-16  3.16E+01  2.89E+01 -1.65E+02
  1.67E+17 -1.45E-01  0.00E+00  3.12E+01  3.12E-16  3.83E+01  3.56E+01 -2.24E+02
  2.15E+17 -1.18E-01  0.00E+00  3.80E+01  3.77E-16  4.62E+01  4.35E+01 -3.43E+02
  2.78E+17 -7.28E-02  0.00E+00  4.59E+01  4.47E-16  5.55E+01  5.28E+01 -6.95E+02
  3.59E+17 -4.07E-03  0.00E+00  5.45E+01  5.18E-16  6.60E+01  6.33E+01 -1.55E+04
  4.64E+17  6.49E-01  4.21E+11  4.58E+01  3.57E-16  5.98E+01  5.71E+01  1.23E+02
  5.99E+17  8.63E-01  4.71E+11  5.12E+01  3.79E-16  6.76E+01  6.48E+01  1.16E+02
  7.74E+17  1.13E+00  5.21E+11  5.63E+01  3.94E-16  7.52E+01  7.24E+01  1.10E+02
  1.00E+18  1.47E+00  5.72E+11  6.11E+01  4.02E-16  8.22E+01  7.95E+01  1.07E+02
  1.29E+18  1.89E+00  6.22E+11  6.56E+01  4.05E-16  8.83E+01  8.55E+01  1.04E+02
  1.67E+18  2.42E+00  6.72E+11  6.97E+01  4.04E-16  9.29E+01  9.02E+01  1.03E+02
  2.15E+18  3.10E+00  7.22E+11  7.35E+01  4.01E-16  9.60E+01  9.33E+01  1.01E+02
  2.78E+18  3.95E+00  7.66E+11  7.72E+01  3.99E-16  9.79E+01  9.52E+01  1.01E+02
  3.59E+18  5.03E+00  8.04E+11  8.08E+01  3.98E-16  9.88E+01  9.61E+01  1.00E+02
  4.64E+18  6.41E+00  8.42E+11  8.42E+01  3.97E-16  9.91E+01  9.63E+01  1.00E+02
  5.99E+18  8.17E+00  8.79E+11  8.76E+01  3.97E-16  9.91E+01  9.63E+01  9.99E+01
  7.74E+18  1.04E+01  9.14E+11  9.08E+01  3.96E-16  9.90E+01  9.63E+01  9.99E+01
  1.00E+19  1.33E+01  9.49E+11  9.40E+01  3.96E-16  9.90E+01  9.62E+01  9.98E+01

      1300.39 mic ( 230.540 GHz) transition between levels  3 and  2
     Upper Level: J =   2                                                                         
     Lower Level: J =   1                                                                         

    Nmol      tau       Flux   int(Tb dv)   Io      del(Tb)   del(TRJ)     Tex
  cm-2/kms               Jy      K km/s  W/m2/Hz/st    K         K          K
  1.00E+15  1.53E-02  3.84E+10  9.95E-01  3.49E-17  4.56E+00  1.07E+00  7.63E+01
  1.29E+15  1.98E-02  4.89E+10  1.27E+00  4.46E-17  5.03E+00  1.38E+00  7.57E+01
  1.67E+15  2.56E-02  6.21E+10  1.63E+00  5.69E-17  5.57E+00  1.76E+00  7.51E+01
  2.15E+15  3.31E-02  7.87E+10  2.07E+00  7.23E-17  6.21E+00  2.24E+00  7.44E+01
  2.78E+15  4.28E-02  9.93E+10  2.63E+00  9.15E-17  6.98E+00  2.85E+00  7.37E+01
  3.59E+15  5.51E-02  1.25E+11  3.33E+00  1.15E-16  7.90E+00  3.62E+00  7.31E+01
  4.64E+15  7.09E-02  1.56E+11  4.20E+00  1.45E-16  9.00E+00  4.57E+00  7.24E+01
  5.99E+15  9.09E-02  1.94E+11  5.28E+00  1.80E-16  1.03E+01  5.76E+00  7.18E+01
  7.74E+15  1.16E-01  2.40E+11  6.58E+00  2.23E-16  1.19E+01  7.21E+00  7.13E+01
  1.00E+16  1.48E-01  2.95E+11  8.16E+00  2.74E-16  1.38E+01  8.99E+00  7.09E+01
  1.29E+16  1.88E-01  3.60E+11  1.00E+01  3.33E-16  1.60E+01  1.11E+01  7.06E+01
  1.67E+16  2.37E-01  4.35E+11  1.23E+01  4.01E-16  1.87E+01  1.37E+01  7.05E+01
  2.15E+16  2.98E-01  5.22E+11  1.48E+01  4.77E-16  2.18E+01  1.67E+01  7.05E+01
  2.78E+16  3.73E-01  6.21E+11  1.77E+01  5.60E-16  2.54E+01  2.03E+01  7.07E+01
  3.59E+16  4.64E-01  7.33E+11  2.10E+01  6.48E-16  2.95E+01  2.43E+01  7.11E+01
  4.64E+16  5.75E-01  8.56E+11  2.46E+01  7.39E-16  3.41E+01  2.89E+01  7.16E+01
  5.99E+16  7.09E-01  9.92E+11  2.85E+01  8.29E-16  3.92E+01  3.39E+01  7.24E+01
  7.74E+16  8.72E-01  1.14E+12  3.26E+01  9.15E-16  4.47E+01  3.94E+01  7.33E+01
  1.00E+17  1.07E+00  1.30E+12  3.69E+01  9.95E-16  5.05E+01  4.52E+01  7.45E+01
  1.29E+17  1.30E+00  1.46E+12  4.12E+01  1.06E-15  5.65E+01  5.11E+01  7.57E+01
  1.67E+17  1.59E+00  1.64E+12  4.56E+01  1.12E-15  6.24E+01  5.70E+01  7.72E+01
  2.15E+17  1.94E+00  1.81E+12  4.99E+01  1.17E-15  6.79E+01  6.25E+01  7.86E+01
  2.78E+17  2.37E+00  1.99E+12  5.40E+01  1.21E-15  7.28E+01  6.74E+01  8.00E+01
  3.59E+17  2.90E+00  2.18E+12  5.81E+01  1.24E-15  7.70E+01  7.16E+01  8.14E+01
  4.64E+17  3.35E+00  2.47E+12  6.47E+01  1.34E-15  8.44E+01  7.90E+01  8.75E+01
  5.99E+17  4.11E+00  2.65E+12  6.90E+01  1.37E-15  8.76E+01  8.22E+01  8.92E+01
  7.74E+17  5.06E+00  2.82E+12  7.32E+01  1.39E-15  9.00E+01  8.46E+01  9.08E+01
  1.00E+18  6.25E+00  2.99E+12  7.72E+01  1.42E-15  9.18E+01  8.64E+01  9.22E+01
  1.29E+18  7.75E+00  3.15E+12  8.12E+01  1.44E-15  9.32E+01  8.78E+01  9.34E+01
  1.67E+18  9.66E+00  3.31E+12  8.50E+01  1.45E-15  9.43E+01  8.89E+01  9.45E+01
  2.15E+18  1.21E+01  3.47E+12  8.87E+01  1.47E-15  9.52E+01  8.98E+01  9.54E+01
  2.78E+18  1.52E+01  3.62E+12  9.22E+01  1.48E-15  9.60E+01  9.06E+01  9.62E+01
  3.59E+18  1.91E+01  3.76E+12  9.56E+01  1.49E-15  9.67E+01  9.12E+01  9.69E+01
  4.64E+18  2.42E+01  3.90E+12  9.89E+01  1.50E-15  9.72E+01  9.18E+01  9.74E+01
  5.99E+18  3.07E+01  4.03E+12  1.02E+02  1.51E-15  9.77E+01  9.23E+01  9.79E+01
  7.74E+18  3.90E+01  4.16E+12  1.05E+02  1.52E-15  9.81E+01  9.27E+01  9.83E+01
  1.00E+19  4.96E+01  4.29E+12  1.08E+02  1.52E-15  9.84E+01  9.30E+01  9.86E+01

       866.96 mic ( 345.796 GHz) transition between levels  4 and  3
     Upper Level: J =   3                                                                         
     Lower Level: J =   2                                                                         

    Nmol      tau       Flux   int(Tb dv)   Io      del(Tb)   del(TRJ)     Tex
  cm-2/kms               Jy      K km/s  W/m2/Hz/st    K         K          K
  1.00E+15  5.79E-02  1.11E+11  1.59E+00  1.03E-16  6.56E+00  1.44E+00  3.32E+01
  1.29E+15  7.34E-02  1.41E+11  2.02E+00  1.31E-16  7.21E+00  1.84E+00  3.37E+01
  1.67E+15  9.27E-02  1.79E+11  2.57E+00  1.66E-16  7.97E+00  2.36E+00  3.44E+01
  2.15E+15  1.17E-01  2.26E+11  3.25E+00  2.10E-16  8.87E+00  3.02E+00  3.51E+01
  2.78E+15  1.46E-01  2.84E+11  4.10E+00  2.64E-16  9.94E+00  3.85E+00  3.60E+01
  3.59E+15  1.82E-01  3.56E+11  5.14E+00  3.30E-16  1.12E+01  4.89E+00  3.71E+01
  4.64E+15  2.27E-01  4.43E+11  6.40E+00  4.09E-16  1.27E+01  6.19E+00  3.83E+01
  5.99E+15  2.80E-01  5.48E+11  7.91E+00  5.02E-16  1.45E+01  7.78E+00  3.96E+01
  7.74E+15  3.44E-01  6.74E+11  9.71E+00  6.11E-16  1.67E+01  9.73E+00  4.12E+01
  1.00E+16  4.22E-01  8.23E+11  1.18E+01  7.35E-16  1.92E+01  1.21E+01  4.29E+01
  1.29E+16  5.14E-01  9.98E+11  1.42E+01  8.73E-16  2.21E+01  1.49E+01  4.48E+01
  1.67E+16  6.23E-01  1.20E+12  1.70E+01  1.02E-15  2.55E+01  1.81E+01  4.69E+01
  2.15E+16  7.52E-01  1.43E+12  2.01E+01  1.18E-15  2.94E+01  2.19E+01  4.92E+01
  2.78E+16  9.05E-01  1.69E+12  2.35E+01  1.35E-15  3.37E+01  2.61E+01  5.17E+01
  3.59E+16  1.09E+00  1.98E+12  2.71E+01  1.51E-15  3.85E+01  3.08E+01  5.43E+01
  4.64E+16  1.30E+00  2.30E+12  3.10E+01  1.67E-15  4.36E+01  3.58E+01  5.71E+01
  5.99E+16  1.55E+00  2.64E+12  3.51E+01  1.83E-15  4.89E+01  4.11E+01  6.00E+01
  7.74E+16  1.86E+00  3.02E+12  3.94E+01  1.98E-15  5.44E+01  4.65E+01  6.31E+01
  1.00E+17  2.22E+00  3.41E+12  4.38E+01  2.11E-15  5.98E+01  5.18E+01  6.62E+01
  1.29E+17  2.66E+00  3.82E+12  4.82E+01  2.23E-15  6.47E+01  5.68E+01  6.91E+01
  1.67E+17  3.19E+00  4.25E+12  5.25E+01  2.34E-15  6.92E+01  6.12E+01  7.18E+01
  2.15E+17  3.83E+00  4.67E+12  5.70E+01  2.46E-15  7.34E+01  6.54E+01  7.49E+01
  2.78E+17  4.60E+00  5.09E+12  6.17E+01  2.57E-15  7.72E+01  6.92E+01  7.79E+01
  3.59E+17  5.54E+00  5.51E+12  6.63E+01  2.68E-15  8.05E+01  7.25E+01  8.08E+01
  4.64E+17  6.73E+00  5.92E+12  7.08E+01  2.77E-15  8.33E+01  7.53E+01  8.34E+01
  5.99E+17  8.20E+00  6.33E+12  7.52E+01  2.86E-15  8.57E+01  7.77E+01  8.58E+01
  7.74E+17  1.01E+01  6.73E+12  7.95E+01  2.93E-15  8.79E+01  7.98E+01  8.79E+01
  1.00E+18  1.24E+01  7.11E+12  8.37E+01  3.00E-15  8.97E+01  8.17E+01  8.98E+01
  1.29E+18  1.53E+01  7.48E+12  8.77E+01  3.06E-15  9.14E+01  8.33E+01  9.14E+01
  1.67E+18  1.91E+01  7.84E+12  9.16E+01  3.12E-15  9.28E+01  8.48E+01  9.28E+01
  2.15E+18  2.38E+01  8.18E+12  9.53E+01  3.16E-15  9.40E+01  8.60E+01  9.41E+01
  2.78E+18  2.99E+01  8.52E+12  9.89E+01  3.20E-15  9.51E+01  8.70E+01  9.51E+01
  3.59E+18  3.76E+01  8.83E+12  1.02E+02  3.23E-15  9.60E+01  8.79E+01  9.60E+01
  4.64E+18  4.75E+01  9.14E+12  1.06E+02  3.26E-15  9.67E+01  8.86E+01  9.67E+01
  5.99E+18  6.02E+01  9.43E+12  1.09E+02  3.28E-15  9.73E+01  8.92E+01  9.73E+01
  7.74E+18  7.65E+01  9.71E+12  1.12E+02  3.30E-15  9.78E+01  8.97E+01  9.78E+01
  1.00E+19  9.74E+01  9.98E+12  1.15E+02  3.31E-15  9.82E+01  9.02E+01  9.83E+01

       650.25 mic ( 461.039 GHz) transition between levels  5 and  4
     Upper Level: J =   4                                                                         
     Lower Level: J =   3                                                                         

    Nmol      tau       Flux   int(Tb dv)   Io      del(Tb)   del(TRJ)     Tex
  cm-2/kms               Jy      K km/s  W/m2/Hz/st    K         K          K
  1.00E+15  6.85E-02  1.46E+11  1.45E+00  1.36E-16  7.20E+00  1.07E+00  2.57E+01
  1.29E+15  8.80E-02  1.87E+11  1.85E+00  1.74E-16  7.82E+00  1.39E+00  2.60E+01
  1.67E+15  1.13E-01  2.39E+11  2.37E+00  2.23E-16  8.55E+00  1.80E+00  2.64E+01
  2.15E+15  1.44E-01  3.05E+11  3.02E+00  2.84E-16  9.41E+00  2.33E+00  2.69E+01
  2.78E+15  1.84E-01  3.88E+11  3.84E+00  3.60E-16  1.04E+01  3.00E+00  2.75E+01
  3.59E+15  2.34E-01  4.91E+11  4.84E+00  4.53E-16  1.16E+01  3.87E+00  2.82E+01
  4.64E+15  2.96E-01  6.19E+11  6.08E+00  5.66E-16  1.30E+01  4.97E+00  2.91E+01
  5.99E+15  3.73E-01  7.77E+11  7.56E+00  7.00E-16  1.47E+01  6.35E+00  3.01E+01
  7.74E+15  4.67E-01  9.69E+11  9.33E+00  8.57E-16  1.68E+01  8.06E+00  3.14E+01
  1.00E+16  5.82E-01  1.20E+12  1.14E+01  1.03E-15  1.91E+01  1.02E+01  3.29E+01
  1.29E+16  7.20E-01  1.48E+12  1.38E+01  1.23E-15  2.19E+01  1.27E+01  3.46E+01
  1.67E+16  8.86E-01  1.80E+12  1.64E+01  1.45E-15  2.51E+01  1.57E+01  3.66E+01
  2.15E+16  1.08E+00  2.18E+12  1.94E+01  1.67E-15  2.88E+01  1.91E+01  3.89E+01
  2.78E+16  1.32E+00  2.62E+12  2.27E+01  1.90E-15  3.28E+01  2.30E+01  4.15E+01
  3.59E+16  1.59E+00  3.11E+12  2.62E+01  2.14E-15  3.72E+01  2.72E+01  4.43E+01
  4.64E+16  1.92E+00  3.66E+12  2.99E+01  2.37E-15  4.18E+01  3.17E+01  4.73E+01
  5.99E+16  2.30E+00  4.26E+12  3.39E+01  2.61E-15  4.65E+01  3.63E+01  5.06E+01
  7.74E+16  2.76E+00  4.92E+12  3.80E+01  2.84E-15  5.12E+01  4.09E+01  5.40E+01
  1.00E+17  3.31E+00  5.64E+12  4.23E+01  3.07E-15  5.57E+01  4.53E+01  5.74E+01
  1.29E+17  3.95E+00  6.36E+12  4.69E+01  3.32E-15  6.02E+01  4.98E+01  6.12E+01
  1.67E+17  4.71E+00  7.11E+12  5.17E+01  3.57E-15  6.45E+01  5.41E+01  6.50E+01
  2.15E+17  5.65E+00  7.87E+12  5.66E+01  3.81E-15  6.86E+01  5.81E+01  6.88E+01
  2.78E+17  6.79E+00  8.65E+12  6.15E+01  4.04E-15  7.23E+01  6.18E+01  7.23E+01
  3.59E+17  8.20E+00  9.44E+12  6.64E+01  4.26E-15  7.57E+01  6.52E+01  7.58E+01
  4.64E+17  9.94E+00  1.02E+13  7.13E+01  4.47E-15  7.90E+01  6.84E+01  7.90E+01
  5.99E+17  1.21E+01  1.10E+13  7.62E+01  4.66E-15  8.19E+01  7.14E+01  8.19E+01
  7.74E+17  1.48E+01  1.18E+13  8.08E+01  4.83E-15  8.46E+01  7.40E+01  8.46E+01
  1.00E+18  1.82E+01  1.25E+13  8.54E+01  4.99E-15  8.70E+01  7.64E+01  8.70E+01
  1.29E+18  2.26E+01  1.32E+13  8.97E+01  5.13E-15  8.91E+01  7.85E+01  8.91E+01
  1.67E+18  2.80E+01  1.39E+13  9.39E+01  5.25E-15  9.09E+01  8.03E+01  9.09E+01
  2.15E+18  3.50E+01  1.45E+13  9.79E+01  5.35E-15  9.25E+01  8.19E+01  9.25E+01
  2.78E+18  4.38E+01  1.51E+13  1.02E+02  5.43E-15  9.38E+01  8.32E+01  9.38E+01
  3.59E+18  5.51E+01  1.57E+13  1.05E+02  5.51E-15  9.50E+01  8.43E+01  9.50E+01
  4.64E+18  6.96E+01  1.62E+13  1.09E+02  5.57E-15  9.59E+01  8.53E+01  9.59E+01
  5.99E+18  8.82E+01  1.68E+13  1.12E+02  5.62E-15  9.67E+01  8.60E+01  9.67E+01
  7.74E+18  1.12E+02  1.73E+13  1.15E+02  5.66E-15  9.73E+01  8.67E+01  9.73E+01
  1.00E+19  1.43E+02  1.77E+13  1.18E+02  5.69E-15  9.78E+01  8.72E+01  9.78E+01

       371.65 mic ( 806.652 GHz) transition between levels  8 and  7
     Upper Level: J =   7                                                                         
     Lower Level: J =   6                                                                         

    Nmol      tau       Flux   int(Tb dv)   Io      del(Tb)   del(TRJ)     Tex
  cm-2/kms               Jy      K km/s  W/m2/Hz/st    K         K          K
  1.00E+15  5.83E-03  3.51E+10  1.44E-01  3.18E-17  6.26E+00  7.97E-02  2.89E+01
  1.29E+15  7.63E-03  4.57E+10  1.88E-01  4.14E-17  6.54E+00  1.04E-01  2.88E+01
  1.67E+15  1.00E-02  5.95E+10  2.46E-01  5.40E-17  6.84E+00  1.36E-01  2.87E+01
  2.15E+15  1.32E-02  7.75E+10  3.23E-01  7.05E-17  7.18E+00  1.78E-01  2.86E+01
  2.78E+15  1.76E-02  1.01E+11  4.25E-01  9.24E-17  7.56E+00  2.33E-01  2.85E+01
  3.59E+15  2.34E-02  1.33E+11  5.62E-01  1.21E-16  7.99E+00  3.07E-01  2.83E+01
  4.64E+15  3.15E-02  1.74E+11  7.46E-01  1.60E-16  8.48E+00  4.06E-01  2.82E+01
  5.99E+15  4.27E-02  2.29E+11  9.96E-01  2.11E-16  9.03E+00  5.40E-01  2.79E+01
  7.74E+15  5.84E-02  3.03E+11  1.34E+00  2.80E-16  9.67E+00  7.21E-01  2.77E+01
  1.00E+16  8.10E-02  4.01E+11  1.81E+00  3.72E-16  1.04E+01  9.69E-01  2.74E+01
  1.29E+16  1.14E-01  5.34E+11  2.45E+00  4.96E-16  1.13E+01  1.31E+00  2.71E+01
  1.67E+16  1.62E-01  7.12E+11  3.34E+00  6.61E-16  1.24E+01  1.79E+00  2.68E+01
  2.15E+16  2.33E-01  9.52E+11  4.56E+00  8.78E-16  1.37E+01  2.45E+00  2.66E+01
  2.78E+16  3.40E-01  1.27E+12  6.20E+00  1.16E-15  1.53E+01  3.38E+00  2.65E+01
  3.59E+16  4.99E-01  1.71E+12  8.32E+00  1.50E-15  1.74E+01  4.66E+00  2.67E+01
  4.64E+16  7.31E-01  2.28E+12  1.09E+01  1.89E-15  1.98E+01  6.39E+00  2.72E+01
  5.99E+16  1.06E+00  3.02E+12  1.40E+01  2.32E-15  2.27E+01  8.63E+00  2.83E+01
  7.74E+16  1.52E+00  3.97E+12  1.73E+01  2.77E-15  2.61E+01  1.14E+01  2.98E+01
  1.00E+17  2.13E+00  5.17E+12  2.09E+01  3.24E-15  2.98E+01  1.45E+01  3.20E+01
  1.29E+17  2.95E+00  6.63E+12  2.48E+01  3.75E-15  3.35E+01  1.78E+01  3.46E+01
  1.67E+17  3.98E+00  8.37E+12  2.91E+01  4.36E-15  3.75E+01  2.14E+01  3.79E+01
  2.15E+17  5.26E+00  1.04E+13  3.40E+01  5.09E-15  4.17E+01  2.53E+01  4.19E+01
  2.78E+17  6.83E+00  1.26E+13  3.93E+01  5.89E-15  4.61E+01  2.94E+01  4.61E+01
  3.59E+17  8.75E+00  1.51E+13  4.49E+01  6.75E-15  5.07E+01  3.38E+01  5.07E+01
  4.64E+17  1.11E+01  1.78E+13  5.08E+01  7.65E-15  5.54E+01  3.83E+01  5.54E+01
  5.99E+17  1.40E+01  2.06E+13  5.70E+01  8.56E-15  6.01E+01  4.28E+01  6.01E+01
  7.74E+17  1.75E+01  2.36E+13  6.33E+01  9.48E-15  6.49E+01  4.74E+01  6.49E+01
  1.00E+18  2.19E+01  2.66E+13  6.96E+01  1.04E-14  6.94E+01  5.19E+01  6.94E+01
  1.29E+18  2.73E+01  2.95E+13  7.59E+01  1.12E-14  7.37E+01  5.61E+01  7.37E+01
  1.67E+18  3.42E+01  3.24E+13  8.20E+01  1.20E-14  7.77E+01  6.00E+01  7.77E+01
  2.15E+18  4.28E+01  3.52E+13  8.79E+01  1.27E-14  8.14E+01  6.35E+01  8.14E+01
  2.78E+18  5.37E+01  3.79E+13  9.35E+01  1.33E-14  8.46E+01  6.67E+01  8.46E+01
  3.59E+18  6.76E+01  4.04E+13  9.87E+01  1.39E-14  8.74E+01  6.94E+01  8.74E+01
  4.64E+18  8.54E+01  4.27E+13  1.04E+02  1.43E-14  8.97E+01  7.18E+01  8.97E+01
  5.99E+18  1.08E+02  4.48E+13  1.08E+02  1.47E-14  9.17E+01  7.37E+01  9.17E+01
  7.74E+18  1.37E+02  4.68E+13  1.12E+02  1.51E-14  9.33E+01  7.53E+01  9.33E+01
  1.00E+19  1.75E+02  4.86E+13  1.16E+02  1.53E-14  9.47E+01  7.66E+01  9.47E+01
