          *** MOLPOP-CEP; version of Mar 18, 2019 ***

* HCN with overlap treatment
*
      Solution method is Slab (Capriotti) escape probability 
      Molecule data file --- DataBase/hcn@hfs_lamda.molecule                                                                                                 
      Number of levels =   25

        Collision information:
    1.  Relative weight of collision partner =  1.00
        Collision rates from data file DataBase/Coll/hcn@hfs_H2_lamda.kij

      Tgas =   25.0 K
      n_tot =  1.00E+05 cm-3

      Molecule --- HCN
      No considerations of dust absorption
      Line Overlap effects included
        using entered linewidth of  1.5 km/s
        FWHM =   2.5 km/s
      No maser saturation effects

      External Radiation field includes:
        - 2.725K Cosmic Background
 Using INCREASING strategy
------------------------------------------------------------------------------

      *** All optical depths are listed at line center ***


  Molecular column = 6.66E+12 cm-2/kms      Total emission = 3.40E-20 erg/s/mol

  Populations:
     level  n_i/g_i/nmol   n(i)/n*     T_ex(i,1)    emission     %
                                           K        erg/s/mol
        1    1.371E-01    4.971E+00    0.000E+00    0.000E+00    0
        2    5.347E-02    2.298E+00    4.516E+00    1.617E-21    5
        3    5.628E-02    2.419E+00    4.776E+00    2.478E-21    7
        4    4.714E-02    2.026E+00    3.984E+00    5.694E-22    2
        5    6.143E-03    3.710E-01    4.109E+00    6.448E-21   19
        6    6.568E-03    3.966E-01    4.199E+00    7.689E-21   23
        7    5.323E-03    3.214E-01    3.928E+00    3.774E-21   11
        8    3.095E-04    3.114E-02    4.188E+00    2.927E-21    9
        9    3.249E-04    3.269E-02    4.222E+00    3.767E-21   11
       10    2.770E-04    2.787E-02    4.113E+00    1.931E-21    6
       11    1.679E-05    3.337E-03    4.722E+00    7.217E-22    2
       12    1.567E-05    3.114E-03    4.686E+00    5.255E-22    2
       13    1.736E-05    3.449E-03    4.739E+00    9.083E-22    3
       14    1.362E-06    6.334E-04    5.538E+00    1.802E-22    1
       15    1.295E-06    6.025E-04    5.514E+00    1.403E-22    0
       16    1.399E-06    6.510E-04    5.551E+00    2.188E-22    1
       17    1.094E-07    1.413E-04    6.361E+00    3.606E-23    0
       18    1.042E-07    1.345E-04    6.339E+00    2.906E-23    0
       19    1.121E-07    1.447E-04    6.372E+00    4.263E-23    0
       20    8.764E-09    3.722E-05    7.189E+00    6.244E-24    0
       21    8.347E-09    3.545E-05    7.168E+00    5.153E-24    0
       22    8.958E-09    3.804E-05    7.198E+00    7.229E-24    0
       23    5.974E-10    9.894E-06    7.953E+00    8.296E-25    0
       24    5.710E-10    9.456E-06    7.934E+00    6.996E-25    0
       25    6.112E-10    1.012E-05    7.963E+00    9.486E-25    0

  The top emitting lines are:

        i    j  wavelength    tau    beta       Tex      emission   %
                  micron                         K       erg/s/mol
        6    3  1.691E+03  5.81E-01  6.16E-01  3.96E+00  7.69E-21  23
        5    2  1.691E+03  2.97E-01  7.41E-01  3.93E+00  4.63E-21  14
        9    6  1.128E+03  1.01E-01  8.75E-01  4.24E+00  3.77E-21  11
        8    5  1.128E+03  6.50E-02  9.10E-01  4.27E+00  2.58E-21   8
        3    1  3.382E+03  5.63E-01  6.23E-01  4.78E+00  2.48E-21   7
        7    4  1.691E+03  1.16E-01  8.61E-01  3.90E+00  2.07E-21   6
        5    3  1.691E+03  1.05E-01  8.72E-01  3.84E+00  1.82E-21   5
        2    1  3.383E+03  3.49E-01  7.13E-01  4.52E+00  1.62E-21   5
       10    7  1.128E+03  3.79E-02  9.40E-01  4.32E+00  1.61E-21   5
        7    2  1.691E+03  1.01E-01  8.75E-01  3.69E+00  1.58E-21   5
       13    9  8.457E+02  6.28E-03  9.86E-01  5.81E+00  9.08E-22   3
       11    8  8.457E+02  4.58E-03  9.89E-01  5.84E+00  6.76E-22   2
        4    1  3.382E+03  1.25E-01  8.54E-01  3.98E+00  5.69E-22   2
       12   10  8.457E+02  3.12E-03  9.92E-01  5.92E+00  4.82E-22   1
        8    6  1.128E+03  8.71E-03  9.82E-01  4.18E+00  3.48E-22   1
       10    5  1.128E+03  8.17E-03  9.83E-01  4.12E+00  3.12E-22   1
       16   13  6.766E+02  3.94E-04  9.99E-01  8.45E+00  2.19E-22   1
       14   11  6.766E+02  3.09E-04  9.99E-01  8.46E+00  1.73E-22   1

  No inversions
------------------------------------------------------------------------------


  Molecular column = 1.18E+13 cm-2/kms      Total emission = 3.42E-20 erg/s/mol

  Populations:
     level  n_i/g_i/nmol   n(i)/n*     T_ex(i,1)    emission     %
                                           K        erg/s/mol
        1    1.300E-01    4.712E+00    0.000E+00    0.000E+00    0
        2    5.379E-02    2.312E+00    4.821E+00    1.418E-21    4
        3    5.760E-02    2.475E+00    5.225E+00    2.128E-21    6
        4    4.470E-02    1.921E+00    3.984E+00    5.003E-22    1
        5    7.145E-03    4.315E-01    4.399E+00    6.604E-21   19
        6    7.807E-03    4.715E-01    4.537E+00    7.272E-21   21
        7    5.793E-03    3.499E-01    4.102E+00    3.835E-21   11
        8    3.669E-04    3.691E-02    4.348E+00    3.252E-21   10
        9    3.937E-04    3.961E-02    4.400E+00    4.125E-21   12
       10    3.078E-04    3.097E-02    4.221E+00    2.066E-21    6
       11    1.833E-05    3.642E-03    4.797E+00    7.806E-22    2
       12    1.643E-05    3.266E-03    4.739E+00    5.479E-22    2
       13    1.919E-05    3.812E-03    4.822E+00    9.914E-22    3
       14    1.428E-06    6.643E-04    5.587E+00    1.889E-22    1
       15    1.324E-06    6.160E-04    5.551E+00    1.433E-22    0
       16    1.481E-06    6.891E-04    5.605E+00    2.314E-22    1
       17    1.148E-07    1.482E-04    6.407E+00    3.783E-23    0
       18    1.066E-07    1.376E-04    6.374E+00    2.973E-23    0
       19    1.188E-07    1.534E-04    6.423E+00    4.519E-23    0
       20    9.081E-09    3.857E-05    7.228E+00    6.470E-24    0
       21    8.447E-09    3.588E-05    7.196E+00    5.215E-24    0
       22    9.361E-09    3.976E-05    7.241E+00    7.555E-24    0
       23    6.259E-10    1.037E-05    7.995E+00    8.693E-25    0
       24    5.838E-10    9.668E-06    7.966E+00    7.152E-25    0
       25    6.467E-10    1.071E-05    8.008E+00    1.004E-24    0

  The top emitting lines are:

        i    j  wavelength    tau    beta       Tex      emission   %
                  micron                         K       erg/s/mol
        6    3  1.691E+03  1.04E+00  4.90E-01  4.26E+00  7.27E-21  21
        5    2  1.691E+03  5.20E-01  6.39E-01  4.21E+00  4.65E-21  14
        9    6  1.128E+03  2.12E-01  7.91E-01  4.27E+00  4.12E-21  12
        8    5  1.128E+03  1.34E-01  8.47E-01  4.30E+00  2.85E-21   8
        3    1  3.382E+03  8.96E-01  5.23E-01  5.23E+00  2.13E-21   6
        7    4  1.691E+03  1.93E-01  8.04E-01  4.16E+00  2.11E-21   6
        5    3  1.691E+03  1.87E-01  8.08E-01  4.08E+00  1.96E-21   6
       10    7  1.128E+03  7.33E-02  9.01E-01  4.35E+00  1.71E-21   5
        7    2  1.691E+03  1.78E-01  8.14E-01  3.82E+00  1.60E-21   5
        2    1  3.383E+03  5.66E-01  6.22E-01  4.82E+00  1.42E-21   4
       13    9  8.457E+02  1.36E-02  9.74E-01  5.63E+00  9.91E-22   3
       11    8  8.457E+02  9.71E-03  9.80E-01  5.68E+00  7.31E-22   2
       12   10  8.457E+02  6.18E-03  9.86E-01  5.81E+00  5.03E-22   1
        4    1  3.382E+03  2.11E-01  7.92E-01  3.98E+00  5.00E-22   1
        8    6  1.128E+03  1.84E-02  9.66E-01  4.17E+00  4.06E-22   1
       10    5  1.128E+03  1.69E-02  9.68E-01  4.06E+00  3.41E-22   1
       16   13  6.766E+02  7.77E-04  9.98E-01  8.30E+00  2.31E-22   1
       14   11  6.766E+02  6.03E-04  9.98E-01  8.33E+00  1.81E-22   1

  No inversions
------------------------------------------------------------------------------


  Molecular column = 2.11E+13 cm-2/kms      Total emission = 3.47E-20 erg/s/mol

  Populations:
     level  n_i/g_i/nmol   n(i)/n*     T_ex(i,1)    emission     %
                                           K        erg/s/mol
        1    1.209E-01    4.383E+00    0.000E+00    0.000E+00    0
        2    5.395E-02    2.318E+00    5.271E+00    1.203E-21    3
        3    5.865E-02    2.520E+00    5.879E+00    1.770E-21    5
        4    4.157E-02    1.786E+00    3.984E+00    4.193E-22    1
        5    8.652E-03    5.225E-01    4.838E+00    6.722E-21   19
        6    9.625E-03    5.813E-01    5.042E+00    6.679E-21   19
        7    6.463E-03    3.903E-01    4.357E+00    3.891E-21   11
        8    4.785E-04    4.815E-02    4.613E+00    3.781E-21   11
        9    5.263E-04    5.296E-02    4.694E+00    4.612E-21   13
       10    3.657E-04    3.679E-02    4.399E+00    2.302E-21    7
       11    2.103E-05    4.179E-03    4.913E+00    8.787E-22    3
       12    1.773E-05    3.523E-03    4.818E+00    5.844E-22    2
       13    2.238E-05    4.448E-03    4.949E+00    1.125E-21    3
       14    1.533E-06    7.129E-04    5.658E+00    2.024E-22    1
       15    1.371E-06    6.380E-04    5.603E+00    1.483E-22    0
       16    1.610E-06    7.488E-04    5.683E+00    2.509E-22    1
       17    1.232E-07    1.590E-04    6.474E+00    4.058E-23    0
       18    1.105E-07    1.426E-04    6.423E+00    3.081E-23    0
       19    1.290E-07    1.666E-04    6.496E+00    4.904E-23    0
       20    9.571E-09    4.065E-05    7.283E+00    6.819E-24    0
       21    8.624E-09    3.663E-05    7.237E+00    5.324E-24    0
       22    9.960E-09    4.230E-05    7.301E+00    8.038E-24    0
       23    6.706E-10    1.111E-05    8.054E+00    9.313E-25    0
       24    6.049E-10    1.002E-05    8.011E+00    7.411E-25    0
       25    7.005E-10    1.160E-05    8.073E+00    1.087E-24    0

  The top emitting lines are:

        i    j  wavelength    tau    beta       Tex      emission   %
                  micron                         K       erg/s/mol
        6    3  1.691E+03  1.81E+00  3.65E-01  4.71E+00  6.68E-21  19
        9    6  1.128E+03  4.64E-01  6.61E-01  4.39E+00  4.61E-21  13
        5    2  1.691E+03  8.97E-01  5.22E-01  4.65E+00  4.60E-21  13
        8    5  1.128E+03  2.88E-01  7.46E-01  4.41E+00  3.27E-21   9
        7    4  1.691E+03  3.09E-01  7.34E-01  4.57E+00  2.15E-21   6
        5    3  1.691E+03  3.30E-01  7.23E-01  4.44E+00  2.12E-21   6
       10    7  1.128E+03  1.45E-01  8.38E-01  4.44E+00  1.90E-21   5
        3    1  3.382E+03  1.37E+00  4.27E-01  5.88E+00  1.77E-21   5
        7    2  1.691E+03  3.14E-01  7.32E-01  4.01E+00  1.60E-21   5
        2    1  3.383E+03  8.84E-01  5.26E-01  5.27E+00  1.20E-21   3
       13    9  8.457E+02  3.25E-02  9.47E-01  5.39E+00  1.12E-21   3
       11    8  8.457E+02  2.27E-02  9.60E-01  5.45E+00  8.22E-22   2
       12   10  8.457E+02  1.31E-02  9.74E-01  5.62E+00  5.36E-22   2
        8    6  1.128E+03  4.03E-02  9.37E-01  4.25E+00  5.14E-22   1
        4    1  3.382E+03  3.49E-01  7.13E-01  3.98E+00  4.19E-22   1
       10    5  1.128E+03  3.65E-02  9.42E-01  4.03E+00  3.94E-22   1
       16   13  6.766E+02  1.62E-03  9.96E-01  8.08E+00  2.51E-22   1
       14   11  6.766E+02  1.24E-03  9.97E-01  8.12E+00  1.94E-22   1

  No inversions
------------------------------------------------------------------------------


  Molecular column = 3.74E+13 cm-2/kms      Total emission = 3.56E-20 erg/s/mol

  Populations:
     level  n_i/g_i/nmol   n(i)/n*     T_ex(i,1)    emission     %
                                           K        erg/s/mol
        1    1.103E-01    3.999E+00    0.000E+00    0.000E+00    0
        2    5.375E-02    2.310E+00    5.915E+00    9.888E-22    3
        3    5.893E-02    2.533E+00    6.784E+00    1.430E-21    4
        4    3.813E-02    1.639E+00    4.004E+00    3.354E-22    1
        5    1.072E-02    6.477E-01    5.475E+00    6.676E-21   19
        6    1.202E-02    7.262E-01    5.757E+00    5.956E-21   17
        7    7.342E-03    4.434E-01    4.709E+00    3.895E-21   11
        8    7.033E-04    7.076E-02    5.048E+00    4.580E-21   13
        9    7.877E-04    7.925E-02    5.164E+00    5.156E-21   14
       10    4.788E-04    4.817E-02    4.691E+00    2.709E-21    8
       11    2.625E-05    5.216E-03    5.098E+00    1.048E-21    3
       12    2.012E-05    3.998E-03    4.941E+00    6.472E-22    2
       13    2.839E-05    5.641E-03    5.146E+00    1.337E-21    4
       14    1.708E-06    7.946E-04    5.760E+00    2.248E-22    1
       15    1.458E-06    6.783E-04    5.679E+00    1.574E-22    0
       16    1.816E-06    8.447E-04    5.792E+00    2.818E-22    1
       17    1.355E-07    1.749E-04    6.563E+00    4.463E-23    0
       18    1.166E-07    1.505E-04    6.491E+00    3.249E-23    0
       19    1.434E-07    1.851E-04    6.590E+00    5.447E-23    0
       20    1.035E-08    4.394E-05    7.359E+00    7.371E-24    0
       21    8.957E-09    3.804E-05    7.294E+00    5.530E-24    0
       22    1.086E-08    4.613E-05    7.381E+00    8.766E-24    0
       23    7.357E-10    1.218E-05    8.133E+00    1.022E-24    0
       24    6.374E-10    1.056E-05    8.071E+00    7.809E-25    0
       25    7.757E-10    1.285E-05    8.156E+00    1.204E-24    0

  The top emitting lines are:

        i    j  wavelength    tau    beta       Tex      emission   %
                  micron                         K       erg/s/mol
        6    3  1.691E+03  3.09E+00  2.61E-01  5.35E+00  5.96E-21  17
        9    6  1.128E+03  1.02E+00  4.94E-01  4.68E+00  5.16E-21  14
        5    2  1.691E+03  1.52E+00  4.04E-01  5.28E+00  4.41E-21  12
        8    5  1.128E+03  6.28E-01  6.00E-01  4.68E+00  3.87E-21  11
        5    3  1.691E+03  5.66E-01  6.22E-01  4.99E+00  2.26E-21   6
       10    7  1.128E+03  2.90E-01  7.44E-01  4.67E+00  2.20E-21   6
        7    4  1.691E+03  4.82E-01  6.54E-01  5.16E+00  2.17E-21   6
        7    2  1.691E+03  5.45E-01  6.29E-01  4.27E+00  1.57E-21   4
        3    1  3.382E+03  2.01E+00  3.43E-01  6.78E+00  1.43E-21   4
       13    9  8.457E+02  8.72E-02  8.88E-01  5.12E+00  1.34E-21   4
        2    1  3.383E+03  1.33E+00  4.34E-01  5.92E+00  9.89E-22   3
       11    8  8.457E+02  5.96E-02  9.15E-01  5.17E+00  9.78E-22   3
        8    6  1.128E+03  8.86E-02  8.86E-01  4.49E+00  7.14E-22   2
       12   10  8.457E+02  3.08E-02  9.49E-01  5.37E+00  5.92E-22   2
       10    5  1.128E+03  8.02E-02  8.94E-01  4.10E+00  4.90E-22   1
        4    1  3.382E+03  5.65E-01  6.22E-01  4.00E+00  3.35E-22   1
       16   13  6.766E+02  3.69E-03  9.91E-01  7.73E+00  2.82E-22   1
       14   11  6.766E+02  2.77E-03  9.93E-01  7.78E+00  2.16E-22   1

  No inversions
------------------------------------------------------------------------------


  Molecular column = 6.66E+13 cm-2/kms      Total emission = 3.66E-20 erg/s/mol

  Populations:
     level  n_i/g_i/nmol   n(i)/n*     T_ex(i,1)    emission     %
                                           K        erg/s/mol
        1    9.897E-02    3.588E+00    0.000E+00    0.000E+00    0
        2    5.298E-02    2.277E+00    6.807E+00    7.930E-22    2
        3    5.799E-02    2.492E+00    7.956E+00    1.126E-21    3
        4    3.486E-02    1.498E+00    4.076E+00    2.581E-22    1
        5    1.328E-02    8.018E-01    6.352E+00    6.373E-21   17
        6    1.480E-02    8.938E-01    6.715E+00    5.054E-21   14
        7    8.429E-03    5.090E-01    5.181E+00    3.802E-21   10
        8    1.142E-03    1.149E-01    5.719E+00    5.550E-21   15
        9    1.281E-03    1.289E-01    5.871E+00    5.549E-21   15
       10    6.992E-04    7.035E-02    5.153E+00    3.340E-21    9
       11    3.772E-05    7.496E-03    5.403E+00    1.355E-21    4
       12    2.513E-05    4.993E-03    5.138E+00    7.643E-22    2
       13    4.124E-05    8.194E-03    5.465E+00    1.675E-21    5
       14    2.016E-06    9.378E-04    5.907E+00    2.631E-22    1
       15    1.622E-06    7.547E-04    5.790E+00    1.743E-22    0
       16    2.162E-06    1.006E-03    5.945E+00    3.318E-22    1
       17    1.533E-07    1.979E-04    6.677E+00    5.046E-23    0
       18    1.257E-07    1.623E-04    6.579E+00    3.503E-23    0
       19    1.630E-07    2.104E-04    6.707E+00    6.188E-23    0
       20    1.160E-08    4.927E-05    7.462E+00    8.265E-24    0
       21    9.592E-09    4.074E-05    7.374E+00    5.921E-24    0
       22    1.225E-08    5.203E-05    7.488E+00    9.887E-24    0
       23    8.245E-10    1.365E-05    8.230E+00    1.145E-24    0
       24    6.847E-10    1.134E-05    8.149E+00    8.389E-25    0
       25    8.731E-10    1.446E-05    8.256E+00    1.355E-24    0

  The top emitting lines are:

        i    j  wavelength    tau    beta       Tex      emission   %
                  micron                         K       erg/s/mol
        9    6  1.128E+03  2.18E+00  3.27E-01  5.22E+00  5.55E-21  15
        6    3  1.691E+03  5.05E+00  1.80E-01  6.23E+00  5.05E-21  14
        8    5  1.128E+03  1.35E+00  4.30E-01  5.20E+00  4.50E-21  12
        5    2  1.691E+03  2.49E+00  3.00E-01  6.15E+00  4.06E-21  11
       10    7  1.128E+03  5.81E-01  6.16E-01  5.13E+00  2.66E-21   7
        5    3  1.691E+03  9.34E-01  5.13E-01  5.77E+00  2.31E-21   6
        7    4  1.691E+03  7.36E-01  5.66E-01  5.99E+00  2.16E-21   6
       13    9  8.457E+02  2.53E-01  7.65E-01  4.95E+00  1.68E-21   5
        7    2  1.691E+03  9.31E-01  5.14E-01  4.63E+00  1.47E-21   4
       11    8  8.457E+02  1.73E-01  8.18E-01  4.99E+00  1.26E-21   3
        3    1  3.382E+03  2.85E+00  2.75E-01  7.96E+00  1.13E-21   3
        8    6  1.128E+03  1.90E-01  8.06E-01  4.98E+00  1.05E-21   3
        2    1  3.383E+03  1.92E+00  3.53E-01  6.81E+00  7.93E-22   2
       12   10  8.457E+02  8.04E-02  8.94E-01  5.12E+00  6.97E-22   2
       10    5  1.128E+03  1.75E-01  8.16E-01  4.33E+00  6.53E-22   2
       16   13  6.766E+02  9.64E-03  9.80E-01  7.21E+00  3.32E-22   1
        4    1  3.382E+03  8.93E-01  5.24E-01  4.08E+00  2.58E-22   1
       14   11  6.766E+02  7.16E-03  9.84E-01  7.26E+00  2.52E-22   1

  No inversions
------------------------------------------------------------------------------


  Molecular column = 1.18E+14 cm-2/kms      Total emission = 3.75E-20 erg/s/mol

  Populations:
     level  n_i/g_i/nmol   n(i)/n*     T_ex(i,1)    emission     %
                                           K        erg/s/mol
        1    8.766E-02    3.178E+00    0.000E+00    0.000E+00    0
        2    5.147E-02    2.212E+00    7.987E+00    6.234E-22    2
        3    5.569E-02    2.393E+00    9.376E+00    8.563E-22    2
        4    3.220E-02    1.384E+00    4.247E+00    1.942E-22    1
        5    1.604E-02    9.685E-01    7.513E+00    5.793E-21   15
        6    1.758E-02    1.062E+00    7.943E+00    4.167E-21   11
        7    9.737E-03    5.880E-01    5.807E+00    3.598E-21   10
        8    1.901E-03    1.913E-01    6.662E+00    6.356E-21   17
        9    2.105E-03    2.118E-01    6.844E+00    5.554E-21   15
       10    1.101E-03    1.107E-01    5.830E+00    4.090E-21   11
       11    6.656E-05    1.323E-02    5.922E+00    1.910E-21    5
       12    3.771E-05    7.493E-03    5.487E+00    1.013E-21    3
       13    7.277E-05    1.446E-02    5.996E+00    2.184E-21    6
       14    2.597E-06    1.208E-03    6.119E+00    3.308E-22    1
       15    1.951E-06    9.076E-04    5.956E+00    2.072E-22    1
       16    2.787E-06    1.297E-03    6.161E+00    4.142E-22    1
       17    1.784E-07    2.304E-04    6.816E+00    5.864E-23    0
       18    1.405E-07    1.814E-04    6.694E+00    3.910E-23    0
       19    1.895E-07    2.447E-04    6.847E+00    7.180E-23    0
       20    1.356E-08    5.760E-05    7.594E+00    9.661E-24    0
       21    1.073E-08    4.555E-05    7.482E+00    6.621E-24    0
       22    1.433E-08    6.088E-05    7.621E+00    1.156E-23    0
       23    9.423E-10    1.561E-05    8.345E+00    1.309E-24    0
       24    7.531E-10    1.247E-05    8.244E+00    9.227E-25    0
       25    9.964E-10    1.650E-05    8.370E+00    1.546E-24    0

  The top emitting lines are:

        i    j  wavelength    tau    beta       Tex      emission   %
                  micron                         K       erg/s/mol
        9    6  1.128E+03  4.43E+00  1.99E-01  6.01E+00  5.55E-21  15
        8    5  1.128E+03  2.80E+00  2.78E-01  5.98E+00  4.84E-21  13
        6    3  1.691E+03  7.93E+00  1.25E-01  7.38E+00  4.17E-21  11
        5    2  1.691E+03  3.95E+00  2.18E-01  7.30E+00  3.56E-21   9
       10    7  1.128E+03  1.15E+00  4.66E-01  5.85E+00  3.17E-21   8
        5    3  1.691E+03  1.47E+00  4.11E-01  6.83E+00  2.24E-21   6
       13    9  8.457E+02  7.38E-01  5.66E-01  5.06E+00  2.18E-21   6
        7    4  1.691E+03  1.11E+00  4.74E-01  7.11E+00  2.09E-21   6
       11    8  8.457E+02  5.11E-01  6.42E-01  5.08E+00  1.74E-21   5
        8    6  1.128E+03  3.88E-01  6.95E-01  5.74E+00  1.51E-21   4
        7    2  1.691E+03  1.55E+00  3.99E-01  5.11E+00  1.32E-21   4
       12   10  8.457E+02  2.26E-01  7.82E-01  5.04E+00  9.15E-22   2
       10    5  1.128E+03  3.70E-01  7.03E-01  4.76E+00  8.86E-22   2
        3    1  3.382E+03  3.96E+00  2.18E-01  9.38E+00  8.56E-22   2
        2    1  3.383E+03  2.69E+00  2.86E-01  7.99E+00  6.23E-22   2
       16   13  6.766E+02  3.07E-02  9.49E-01  6.52E+00  4.14E-22   1
       14   11  6.766E+02  2.28E-02  9.60E-01  6.56E+00  3.17E-22   1
       15   12  6.766E+02  1.03E-02  9.79E-01  7.18E+00  1.97E-22   1
        4    1  3.382E+03  1.37E+00  4.26E-01  4.25E+00  1.94E-22   1
        7    3  1.691E+03  1.14E-01  8.64E-01  4.88E+00  1.90E-22   1

  No inversions
------------------------------------------------------------------------------


  Molecular column = 2.11E+14 cm-2/kms      Total emission = 3.80E-20 erg/s/mol

  Populations:
     level  n_i/g_i/nmol   n(i)/n*     T_ex(i,1)    emission     %
                                           K        erg/s/mol
        1    7.702E-02    2.792E+00    0.000E+00    0.000E+00    0
        2    4.911E-02    2.110E+00    9.454E+00    4.785E-22    1
        3    5.226E-02    2.246E+00    1.097E+01    6.251E-22    2
        4    3.061E-02    1.316E+00    4.611E+00    1.472E-22    0
        5    1.858E-02    1.122E+00    8.973E+00    4.974E-21   13
        6    1.995E-02    1.205E+00    9.445E+00    3.352E-21    9
        7    1.133E-02    6.840E-01    6.657E+00    3.304E-21    9
        8    3.027E-03    3.045E-01    7.886E+00    6.625E-21   17
        9    3.281E-03    3.302E-01    8.087E+00    5.124E-21   13
       10    1.774E-03    1.785E-01    6.769E+00    4.697E-21   12
       11    1.421E-04    2.823E-02    6.757E+00    2.751E-21    7
       12    7.503E-05    1.491E-02    6.134E+00    1.568E-21    4
       13    1.534E-04    3.049E-02    6.840E+00    2.788E-21    7
       14    3.871E-06    1.801E-03    6.446E+00    4.571E-22    1
       15    2.700E-06    1.256E-03    6.219E+00    2.761E-22    1
       16    4.137E-06    1.925E-03    6.489E+00    5.580E-22    1
       17    2.169E-07    2.800E-04    6.989E+00    7.099E-23    0
       18    1.651E-07    2.131E-04    6.843E+00    4.584E-23    0
       19    2.291E-07    2.958E-04    7.019E+00    8.639E-23    0
       20    1.641E-08    6.970E-05    7.752E+00    1.168E-23    0
       21    1.263E-08    5.365E-05    7.623E+00    7.794E-24    0
       22    1.727E-08    7.333E-05    7.778E+00    1.392E-23    0
       23    1.107E-09    1.833E-05    8.479E+00    1.537E-24    0
       24    8.606E-10    1.425E-05    8.362E+00    1.054E-24    0
       25    1.164E-09    1.927E-05    8.502E+00    1.806E-24    0

  The top emitting lines are:

        i    j  wavelength    tau    beta       Tex      emission   %
                  micron                         K       erg/s/mol
        9    6  1.128E+03  8.49E+00  1.18E-01  7.07E+00  5.12E-21  13
        8    5  1.128E+03  5.48E+00  1.69E-01  7.03E+00  4.67E-21  12
       10    7  1.128E+03  2.27E+00  3.18E-01  6.88E+00  3.49E-21   9
        6    3  1.691E+03  1.20E+01  8.84E-02  8.83E+00  3.35E-21   9
        5    2  1.691E+03  6.05E+00  1.56E-01  8.75E+00  2.94E-21   8
       13    9  8.457E+02  2.02E+00  3.42E-01  5.56E+00  2.79E-21   7
       11    8  8.457E+02  1.43E+00  4.18E-01  5.56E+00  2.41E-21   6
        5    3  1.691E+03  2.23E+00  3.22E-01  8.22E+00  2.03E-21   5
        8    6  1.128E+03  7.45E-01  5.63E-01  6.77E+00  1.95E-21   5
        7    4  1.691E+03  1.70E+00  3.79E-01  8.55E+00  1.94E-21   5
       12   10  8.457E+02  6.41E-01  5.96E-01  5.38E+00  1.39E-21   4
        7    2  1.691E+03  2.50E+00  3.00E-01  5.80E+00  1.15E-21   3
       10    5  1.128E+03  7.40E-01  5.65E-01  5.43E+00  1.15E-21   3
        3    1  3.382E+03  5.45E+00  1.69E-01  1.10E+01  6.25E-22   2
       16   13  6.766E+02  1.17E-01  8.61E-01  5.89E+00  5.58E-22   1
        2    1  3.383E+03  3.69E+00  2.30E-01  9.45E+00  4.79E-22   1
       14   11  6.766E+02  8.76E-02  8.87E-01  5.90E+00  4.37E-22   1
       11    9  8.457E+02  1.04E-01  8.73E-01  5.42E+00  3.37E-22   1
       15   12  6.766E+02  3.71E-02  9.41E-01  6.40E+00  2.62E-22   1
        7    3  1.691E+03  1.80E-01  8.12E-01  5.56E+00  2.08E-22   1

  No inversions
------------------------------------------------------------------------------


  Molecular column = 3.34E+14 cm-2/kms      Total emission = 3.81E-20 erg/s/mol

  Populations:
     level  n_i/g_i/nmol   n(i)/n*     T_ex(i,1)    emission     %
                                           K        erg/s/mol
        1    6.925E-02    2.510E+00    0.000E+00    0.000E+00    0
        2    4.671E-02    2.007E+00    1.080E+01    3.757E-22    1
        3    4.902E-02    2.107E+00    1.231E+01    4.756E-22    1
        4    3.019E-02    1.297E+00    5.123E+00    1.208E-22    0
        5    2.013E-02    1.216E+00    1.033E+01    4.254E-21   11
        6    2.127E-02    1.285E+00    1.081E+01    2.747E-21    7
        7    1.283E-02    7.748E-01    7.569E+00    3.026E-21    8
        8    4.155E-03    4.181E-01    9.071E+00    6.484E-21   17
        9    4.430E-03    4.457E-01    9.283E+00    4.651E-21   12
       10    2.579E-03    2.595E-01    7.757E+00    4.950E-21   13
       11    2.713E-04    5.391E-02    7.675E+00    3.482E-21    9
       12    1.531E-04    3.042E-02    6.956E+00    2.301E-21    6
       13    2.887E-04    5.737E-02    7.762E+00    3.161E-21    8
       14    6.433E-06    2.993E-03    6.872E+00    6.534E-22    2
       15    4.331E-06    2.015E-03    6.591E+00    4.054E-22    1
       16    6.829E-06    3.177E-03    6.917E+00    7.630E-22    2
       17    2.668E-07    3.445E-04    7.165E+00    8.656E-23    0
       18    2.012E-07    2.598E-04    7.006E+00    5.558E-23    0
       19    2.803E-07    3.619E-04    7.193E+00    1.045E-22    0
       20    1.948E-08    8.275E-05    7.895E+00    1.387E-23    0
       21    1.499E-08    6.366E-05    7.760E+00    9.246E-24    0
       22    2.038E-08    8.656E-05    7.919E+00    1.642E-23    0
       23    1.297E-09    2.148E-05    8.605E+00    1.801E-24    0
       24    1.004E-09    1.663E-05    8.483E+00    1.230E-24    0
       25    1.355E-09    2.245E-05    8.626E+00    2.103E-24    0

  The top emitting lines are:

        i    j  wavelength    tau    beta       Tex      emission   %
                  micron                         K       erg/s/mol
        9    6  1.128E+03  1.36E+01  7.93E-02  8.13E+00  4.65E-21  12
        8    5  1.128E+03  8.92E+00  1.13E-01  8.09E+00  4.31E-21  11
       10    7  1.128E+03  3.86E+00  2.22E-01  7.95E+00  3.54E-21   9
       13    9  8.457E+02  4.24E+00  2.06E-01  6.23E+00  3.16E-21   8
       11    8  8.457E+02  3.05E+00  2.63E-01  6.23E+00  2.90E-21   8
        6    3  1.691E+03  1.63E+01  6.80E-02  1.02E+01  2.75E-21   7
        5    2  1.691E+03  8.34E+00  1.20E-01  1.01E+01  2.45E-21   6
        8    6  1.128E+03  1.19E+00  4.58E-01  7.81E+00  2.18E-21   6
       12   10  8.457E+02  1.45E+00  4.14E-01  6.02E+00  1.97E-21   5
        5    3  1.691E+03  3.02E+00  2.64E-01  9.56E+00  1.80E-21   5
        7    4  1.691E+03  2.42E+00  3.06E-01  9.94E+00  1.77E-21   5
       10    5  1.128E+03  1.22E+00  4.52E-01  6.21E+00  1.34E-21   4
        7    2  1.691E+03  3.55E+00  2.37E-01  6.58E+00  1.03E-21   3
       16   13  6.766E+02  3.49E-01  7.14E-01  5.68E+00  7.63E-22   2
       14   11  6.766E+02  2.66E-01  7.58E-01  5.68E+00  6.20E-22   2
       11    9  8.457E+02  2.18E-01  7.87E-01  6.09E+00  5.80E-22   2
        3    1  3.382E+03  7.06E+00  1.37E-01  1.23E+01  4.76E-22   1
       15   12  6.766E+02  1.21E-01  8.58E-01  5.97E+00  3.83E-22   1
        2    1  3.383E+03  4.72E+00  1.90E-01  1.08E+01  3.76E-22   1
       12    8  8.457E+02  2.09E-01  7.93E-01  5.15E+00  3.29E-22   1
        7    3  1.691E+03  2.53E-01  7.66E-01  6.35E+00  2.22E-22   1

  No inversions
------------------------------------------------------------------------------


  Molecular column = 3.85E+14 cm-2/kms      Total emission = 3.81E-20 erg/s/mol

  Populations:
     level  n_i/g_i/nmol   n(i)/n*     T_ex(i,1)    emission     %
                                           K        erg/s/mol
        1    6.698E-02    2.428E+00    0.000E+00    0.000E+00    0
        2    4.589E-02    1.972E+00    1.125E+01    3.471E-22    1
        3    4.797E-02    2.061E+00    1.274E+01    4.350E-22    1
        4    3.018E-02    1.297E+00    5.335E+00    1.142E-22    0
        5    2.050E-02    1.238E+00    1.078E+01    4.026E-21   11
        6    2.157E-02    1.302E+00    1.126E+01    2.568E-21    7
        7    1.333E-02    8.052E-01    7.905E+00    2.927E-21    8
        8    4.536E-03    4.564E-01    9.479E+00    6.385E-21   17
        9    4.813E-03    4.843E-01    9.693E+00    4.488E-21   12
       10    2.885E-03    2.903E-01    8.115E+00    4.956E-21   13
       11    3.302E-04    6.562E-02    8.007E+00    3.686E-21   10
       12    1.931E-04    3.837E-02    7.272E+00    2.562E-21    7
       13    3.498E-04    6.950E-02    8.094E+00    3.223E-21    8
       14    7.903E-06    3.676E-03    7.054E+00    7.455E-22    2
       15    5.322E-06    2.476E-03    6.758E+00    4.746E-22    1
       16    8.366E-06    3.892E-03    7.099E+00    8.534E-22    2
       17    2.887E-07    3.728E-04    7.230E+00    9.314E-23    0
       18    2.181E-07    2.816E-04    7.069E+00    6.004E-23    0
       19    3.027E-07    3.909E-04    7.258E+00    1.121E-22    0
       20    2.062E-08    8.756E-05    7.943E+00    1.467E-23    0
       21    1.593E-08    6.767E-05    7.808E+00    9.827E-24    0
       22    2.152E-08    9.140E-05    7.965E+00    1.734E-23    0
       23    1.372E-09    2.272E-05    8.648E+00    1.905E-24    0
       24    1.066E-09    1.765E-05    8.527E+00    1.306E-24    0
       25    1.431E-09    2.370E-05    8.669E+00    2.221E-24    0

  The top emitting lines are:

        i    j  wavelength    tau    beta       Tex      emission   %
                  micron                         K       erg/s/mol
        9    6  1.128E+03  1.56E+01  7.04E-02  8.51E+00  4.49E-21  12
        8    5  1.128E+03  1.03E+01  1.00E-01  8.46E+00  4.17E-21  11
       10    7  1.128E+03  4.55E+00  1.95E-01  8.34E+00  3.48E-21   9
       13    9  8.457E+02  5.28E+00  1.74E-01  6.49E+00  3.22E-21   8
       11    8  8.457E+02  3.81E+00  2.24E-01  6.49E+00  3.01E-21   8
        6    3  1.691E+03  1.79E+01  6.27E-02  1.06E+01  2.57E-21   7
        5    2  1.691E+03  9.20E+00  1.10E-01  1.06E+01  2.30E-21   6
        8    6  1.128E+03  1.37E+00  4.27E-01  8.18E+00  2.22E-21   6
       12   10  8.457E+02  1.86E+00  3.60E-01  6.29E+00  2.16E-21   6
        5    3  1.691E+03  3.32E+00  2.48E-01  1.00E+01  1.73E-21   5
        7    4  1.691E+03  2.71E+00  2.84E-01  1.04E+01  1.71E-21   4
       10    5  1.128E+03  1.42E+00  4.19E-01  6.51E+00  1.38E-21   4
        7    2  1.691E+03  3.94E+00  2.19E-01  6.88E+00  9.89E-22   3
       16   13  6.766E+02  4.88E-01  6.52E-01  5.70E+00  8.53E-22   2
       14   11  6.766E+02  3.74E-01  7.01E-01  5.70E+00  7.05E-22   2
       11    9  8.457E+02  2.71E-01  7.55E-01  6.35E+00  6.77E-22   2
       15   12  6.766E+02  1.77E-01  8.15E-01  5.92E+00  4.47E-22   1
        3    1  3.382E+03  7.66E+00  1.28E-01  1.27E+01  4.35E-22   1
       12    8  8.457E+02  2.62E-01  7.60E-01  5.39E+00  3.98E-22   1
        2    1  3.383E+03  5.10E+00  1.78E-01  1.12E+01  3.47E-22   1
        7    3  1.691E+03  2.79E-01  7.50E-01  6.64E+00  2.26E-22   1

  No inversions
------------------------------------------------------------------------------


      Terminated. Step size was  1.122E+00


        *** SUMMARY ***

        mol column     emission
         cm-2/kms      erg/s/mol
        6.658E+12      3.402E-20
        1.184E+13      3.422E-20
        2.105E+13      3.471E-20
        3.744E+13      3.558E-20
        6.658E+13      3.658E-20
        1.184E+14      3.749E-20
        2.105E+14      3.796E-20
        3.337E+14      3.814E-20
        3.853E+14      3.810E-20

 *** Parameters for selected transitions
     Flux (in W/m2) is integrated over the line
     Io is the source line-center intensity at mu =  0.50 to slab face
     del(Tb) is obtained from (B is the Planck function):
                B(del(Tb)) = I(observed) - B(Tcmb)
     del(TRJ) is obtained from the same with the RJ approximation for B
     Excitation temperature is not part of the output in CEP
                because it changes with position in the slab. The excitation temperature
                will be placed in the file with extension CEP.texc for all column densities
     Maser pumping parameters are tabulated for inverted transitions;
     for definitions see Elitzur 'Astronomical Masers' secs. 4.2 & 7.1,
     and Hollenbach+ 2013, ApJ 773:70
 ***

      1691.27 mic ( 177.258 GHz) transition between levels  5 and  3
     Upper Level: 02_02                                                                           
     Lower Level: 01_02                                                                           

    Nmol      tau       Flux   int(Tb dv)   Io      del(Tb)   del(TRJ)     Tex
  cm-2/kms              W/m2     K km/s  W/m2/Hz/st    K         K          K
  6.66E+12  1.05E-01  9.08E-12  1.64E-01  1.90E-18  1.74E+00  6.46E-02  3.84E+00
  1.18E+13  1.87E-01  1.74E-11  2.95E-01  3.64E-18  2.06E+00  1.39E-01  4.08E+00
  2.11E+13  3.30E-01  3.36E-11  5.17E-01  6.87E-18  2.53E+00  3.04E-01  4.44E+00
  3.74E+13  5.66E-01  6.36E-11  8.65E-01  1.24E-17  3.21E+00  6.49E-01  4.99E+00
  6.66E+13  9.34E-01  1.16E-10  1.36E+00  2.06E-17  4.20E+00  1.30E+00  5.77E+00
  1.18E+14  1.47E+00  1.99E-10  1.99E+00  3.15E-17  5.56E+00  2.35E+00  6.83E+00
  2.11E+14  2.23E+00  3.21E-10  2.78E+00  4.48E-17  7.28E+00  3.83E+00  8.22E+00
  3.34E+14  3.02E+00  4.52E-10  3.51E+00  5.71E-17  8.85E+00  5.27E+00  9.56E+00
  3.85E+14  3.32E+00  5.00E-10  3.76E+00  6.12E-17  9.36E+00  5.74E+00  1.00E+01

      1691.26 mic ( 177.260 GHz) transition between levels  7 and  4
     Upper Level: 02_01                                                                           
     Lower Level: 01_00                                                                           

    Nmol      tau       Flux   int(Tb dv)   Io      del(Tb)   del(TRJ)     Tex
  cm-2/kms              W/m2     K km/s  W/m2/Hz/st    K         K          K
  6.66E+12  1.16E-01  1.04E-11  1.84E-01  2.17E-18  1.80E+00  7.59E-02  3.90E+00
  1.18E+13  1.93E-01  1.87E-11  3.08E-01  3.91E-18  2.11E+00  1.53E-01  4.16E+00
  2.11E+13  3.09E-01  3.39E-11  5.04E-01  6.97E-18  2.55E+00  3.12E-01  4.57E+00
  3.74E+13  4.82E-01  6.11E-11  7.99E-01  1.21E-17  3.17E+00  6.26E-01  5.16E+00
  6.66E+13  7.36E-01  1.08E-10  1.23E+00  2.02E-17  4.08E+00  1.21E+00  5.99E+00
  1.18E+14  1.11E+00  1.86E-10  1.83E+00  3.18E-17  5.39E+00  2.21E+00  7.11E+00
  2.11E+14  1.70E+00  3.07E-10  2.64E+00  4.66E-17  7.20E+00  3.76E+00  8.55E+00
  3.34E+14  2.42E+00  4.44E-10  3.44E+00  6.02E-17  8.96E+00  5.37E+00  9.94E+00
  3.85E+14  2.71E+00  4.95E-10  3.72E+00  6.47E-17  9.55E+00  5.92E+00  1.04E+01

      1691.26 mic ( 177.260 GHz) transition between levels  5 and  2
     Upper Level: 02_02                                                                           
     Lower Level: 01_01                                                                           

    Nmol      tau       Flux   int(Tb dv)   Io      del(Tb)   del(TRJ)     Tex
  cm-2/kms              W/m2     K km/s  W/m2/Hz/st    K         K          K
  6.66E+12  2.97E-01  2.32E-11  4.19E-01  4.77E-18  2.20E+00  1.83E-01  3.93E+00
  1.18E+13  5.20E-01  4.13E-11  6.88E-01  8.13E-18  2.68E+00  3.69E-01  4.21E+00
  2.11E+13  8.97E-01  7.27E-11  1.07E+00  1.31E-17  3.35E+00  7.30E-01  4.65E+00
  3.74E+13  1.52E+00  1.24E-10  1.56E+00  1.95E-17  4.28E+00  1.35E+00  5.28E+00
  6.66E+13  2.49E+00  2.03E-10  2.14E+00  2.73E-17  5.44E+00  2.25E+00  6.15E+00
  1.18E+14  3.95E+00  3.16E-10  2.85E+00  3.72E-17  6.78E+00  3.39E+00  7.30E+00
  2.11E+14  6.05E+00  4.65E-10  3.71E+00  5.00E-17  8.31E+00  4.77E+00  8.75E+00
  3.34E+14  8.34E+00  6.14E-10  4.53E+00  6.22E-17  9.69E+00  6.05E+00  1.01E+01
  3.85E+14  9.20E+00  6.65E-10  4.80E+00  6.63E-17  1.01E+01  6.48E+00  1.06E+01

      1691.26 mic ( 177.260 GHz) transition between levels  6 and  3
     Upper Level: 02_03                                                                           
     Lower Level: 01_02                                                                           

    Nmol      tau       Flux   int(Tb dv)   Io      del(Tb)   del(TRJ)     Tex
  cm-2/kms              W/m2     K km/s  W/m2/Hz/st    K         K          K
  6.66E+12  5.81E-01  3.84E-11  6.98E-01  7.46E-18  2.57E+00  3.23E-01  3.96E+00
  1.18E+13  1.04E+00  6.47E-11  1.06E+00  1.13E-17  3.14E+00  6.07E-01  4.26E+00
  2.11E+13  1.81E+00  1.06E-10  1.49E+00  1.57E-17  3.88E+00  1.07E+00  4.71E+00
  3.74E+13  3.09E+00  1.67E-10  1.98E+00  2.10E-17  4.75E+00  1.71E+00  5.35E+00
  6.66E+13  5.05E+00  2.53E-10  2.56E+00  2.81E-17  5.75E+00  2.51E+00  6.23E+00
  1.18E+14  7.93E+00  3.71E-10  3.28E+00  3.79E-17  6.94E+00  3.53E+00  7.38E+00
  2.11E+14  1.20E+01  5.30E-10  4.17E+00  5.07E-17  8.41E+00  4.86E+00  8.83E+00
  3.34E+14  1.63E+01  6.88E-10  5.02E+00  6.30E-17  9.77E+00  6.13E+00  1.02E+01
  3.85E+14  1.79E+01  7.43E-10  5.30E+00  6.71E-17  1.02E+01  6.56E+00  1.06E+01

      1691.24 mic ( 177.262 GHz) transition between levels  7 and  3
     Upper Level: 02_01                                                                           
     Lower Level: 01_02                                                                           

    Nmol      tau       Flux   int(Tb dv)   Io      del(Tb)   del(TRJ)     Tex
  cm-2/kms              W/m2     K km/s  W/m2/Hz/st    K         K          K
  6.66E+12  7.10E-03  5.93E-13  1.12E-02  1.21E-19  1.09E+00  3.51E-03  3.61E+00
  1.18E+13  1.28E-02  1.14E-12  2.06E-02  2.33E-19  1.20E+00  7.13E-03  3.70E+00
  2.11E+13  2.30E-02  2.22E-12  3.82E-02  4.57E-19  1.34E+00  1.50E-02  3.86E+00
  3.74E+13  4.04E-02  4.38E-12  7.03E-02  9.07E-19  1.53E+00  3.24E-02  4.08E+00
  6.66E+13  6.90E-02  8.63E-12  1.27E-01  1.80E-18  1.77E+00  7.03E-02  4.41E+00
  1.18E+14  1.14E-01  1.69E-11  2.25E-01  3.54E-18  2.10E+00  1.52E-01  4.88E+00
  2.11E+14  1.80E-01  3.29E-11  3.89E-01  6.88E-18  2.57E+00  3.24E-01  5.56E+00
  3.34E+14  2.53E-01  5.57E-11  5.93E-01  1.15E-17  3.10E+00  5.86E-01  6.35E+00
  3.85E+14  2.79E-01  6.55E-11  6.74E-01  1.35E-17  3.31E+00  7.02E-01  6.64E+00

      1691.23 mic ( 177.263 GHz) transition between levels  7 and  2
     Upper Level: 02_01                                                                           
     Lower Level: 01_01                                                                           

    Nmol      tau       Flux   int(Tb dv)   Io      del(Tb)   del(TRJ)     Tex
  cm-2/kms              W/m2     K km/s  W/m2/Hz/st    K         K          K
  6.66E+12  1.01E-01  7.90E-12  1.52E-01  1.65E-18  1.67E+00  5.25E-02  3.69E+00
  1.18E+13  1.78E-01  1.42E-11  2.64E-01  2.97E-18  1.92E+00  1.04E-01  3.82E+00
  2.11E+13  3.14E-01  2.54E-11  4.47E-01  5.21E-18  2.27E+00  2.06E-01  4.01E+00
  3.74E+13  5.45E-01  4.41E-11  7.21E-01  8.63E-18  2.74E+00  4.01E-01  4.27E+00
  6.66E+13  9.31E-01  7.35E-11  1.09E+00  1.31E-17  3.36E+00  7.37E-01  4.63E+00
  1.18E+14  1.55E+00  1.17E-10  1.52E+00  1.83E-17  4.15E+00  1.25E+00  5.11E+00
  2.11E+14  2.50E+00  1.82E-10  2.02E+00  2.44E-17  5.10E+00  1.98E+00  5.80E+00
  3.34E+14  3.55E+00  2.58E-10  2.51E+00  3.11E-17  6.03E+00  2.75E+00  6.58E+00
  3.85E+14  3.94E+00  2.86E-10  2.69E+00  3.36E-17  6.36E+00  3.03E+00  6.88E+00
